<?xml version="1.0" encoding="UTF-8"?>
<coverage generated="1648814699454" clover="3.2.0">
  <project timestamp="1648814699454" name="All files">
    <metrics statements="48" coveredstatements="43" conditionals="14" coveredconditionals="9" methods="19" coveredmethods="10" elements="81" coveredelements="62" complexity="0" loc="48" ncloc="48" packages="1" files="2" classes="2"/>
    <file name="gameboard.js" path="C:\Users\vms19\Desktop\Prog.Casa\HTML CSS JS (TOP)\js-top-battleship\src\logic\gameboard.js">
      <metrics statements="35" coveredstatements="32" conditionals="12" coveredconditionals="9" methods="12" coveredmethods="7"/>
      <line num="5" count="4" type="stmt"/>
      <line num="7" count="4" type="stmt"/>
      <line num="17" count="4" type="stmt"/>
      <line num="24" count="4" type="stmt"/>
      <line num="25" count="0" type="stmt"/>
      <line num="29" count="4" type="stmt"/>
      <line num="32" count="4" type="stmt"/>
      <line num="33" count="4" type="stmt"/>
      <line num="38" count="4" type="stmt"/>
      <line num="39" count="0" type="stmt"/>
      <line num="43" count="4" type="stmt"/>
      <line num="44" count="3" type="stmt"/>
      <line num="45" count="6" type="stmt"/>
      <line num="47" count="6" type="stmt"/>
      <line num="48" count="384" type="cond" truecount="2" falsecount="0"/>
      <line num="49" count="6" type="stmt"/>
      <line num="57" count="4" type="cond" truecount="0" falsecount="1"/>
      <line num="59" count="3" type="stmt"/>
      <line num="60" count="3" type="stmt"/>
      <line num="62" count="3" type="cond" truecount="2" falsecount="0"/>
      <line num="64" count="2" type="stmt"/>
      <line num="68" count="1" type="stmt"/>
      <line num="72" count="4" type="stmt"/>
      <line num="73" count="3" type="stmt"/>
      <line num="74" count="66" type="cond" truecount="4" falsecount="0"/>
      <line num="75" count="2" type="stmt"/>
      <line num="78" count="1" type="stmt"/>
      <line num="82" count="4" type="cond" truecount="0" falsecount="1"/>
      <line num="87" count="2" type="stmt"/>
      <line num="88" count="2" type="cond" truecount="1" falsecount="1"/>
      <line num="89" count="0" type="stmt"/>
      <line num="99" count="4" type="stmt"/>
      <line num="105" count="4" type="stmt"/>
      <line num="110" count="4" type="stmt"/>
      <line num="115" count="4" type="stmt"/>
    </file>
    <file name="ship.js" path="C:\Users\vms19\Desktop\Prog.Casa\HTML CSS JS (TOP)\js-top-battleship\src\logic\ship.js">
      <metrics statements="13" coveredstatements="11" conditionals="2" coveredconditionals="0" methods="7" coveredmethods="3"/>
      <line num="5" count="5" type="stmt"/>
      <line num="7" count="5" type="stmt"/>
      <line num="9" count="5" type="stmt"/>
      <line num="10" count="15" type="stmt"/>
      <line num="13" count="5" type="stmt"/>
      <line num="17" count="5" type="stmt"/>
      <line num="23" count="5" type="stmt"/>
      <line num="24" count="1" type="stmt"/>
      <line num="29" count="5" type="stmt"/>
      <line num="30" count="0" type="stmt"/>
      <line num="36" count="5" type="stmt"/>
      <line num="37" count="0" type="cond" truecount="0" falsecount="2"/>
      <line num="40" count="5" type="stmt"/>
    </file>
  </project>
</coverage>
