<?xml version="1.0" encoding="UTF-8"?>
<coverage generated="1648666818359" clover="3.2.0">
  <project timestamp="1648666818360" name="All files">
    <metrics statements="14" coveredstatements="13" conditionals="2" coveredconditionals="0" methods="5" coveredmethods="4" elements="21" coveredelements="17" complexity="0" loc="14" ncloc="14" packages="1" files="1" classes="1"/>
    <file name="ship.js" path="C:\Users\vms19\Desktop\Prog.Casa\HTML CSS JS (TOP)\js-top-battleship\src\logic\ship.js">
      <metrics statements="14" coveredstatements="13" conditionals="2" coveredconditionals="0" methods="5" coveredmethods="4"/>
      <line num="5" count="3" type="stmt"/>
      <line num="7" count="3" type="stmt"/>
      <line num="8" count="2" type="stmt"/>
      <line num="14" count="3" type="stmt"/>
      <line num="15" count="3" type="stmt"/>
      <line num="20" count="3" type="stmt"/>
      <line num="21" count="2" type="stmt"/>
      <line num="27" count="3" type="stmt"/>
      <line num="28" count="0" type="cond" truecount="0" falsecount="2"/>
      <line num="31" count="3" type="stmt"/>
      <line num="39" count="1" type="stmt"/>
      <line num="40" count="1" type="stmt"/>
      <line num="41" count="1" type="stmt"/>
      <line num="42" count="1" type="stmt"/>
    </file>
  </project>
</coverage>
