{"C:\\Users\\vms19\\Desktop\\Prog.Casa\\HTML CSS JS (TOP)\\js-top-battleship\\src\\logic\\gameboard.js": {"path":"C:\\Users\\vms19\\Desktop\\Prog.Casa\\HTML CSS JS (TOP)\\js-top-battleship\\src\\logic\\gameboard.js","statementMap":{"0":{"start":{"line":5,"column":21},"end":{"line":5,"column":26}},"1":{"start":{"line":7,"column":4},"end":{"line":16,"column":5}},"2":{"start":{"line":18,"column":25},"end":{"line":20,"column":5}},"3":{"start":{"line":19,"column":8},"end":{"line":19,"column":25}},"4":{"start":{"line":23,"column":23},"end":{"line":28,"column":5}},"5":{"start":{"line":26,"column":8},"end":{"line":26,"column":35}},"6":{"start":{"line":31,"column":33},"end":{"line":33,"column":5}},"7":{"start":{"line":36,"column":31},"end":{"line":46,"column":5}},"8":{"start":{"line":37,"column":8},"end":{"line":45,"column":9}},"9":{"start":{"line":37,"column":21},"end":{"line":37,"column":22}},"10":{"start":{"line":38,"column":31},"end":{"line":38,"column":53}},"11":{"start":{"line":40,"column":12},"end":{"line":44,"column":13}},"12":{"start":{"line":41,"column":16},"end":{"line":43,"column":17}},"13":{"start":{"line":42,"column":20},"end":{"line":42,"column":42}},"14":{"start":{"line":49,"column":26},"end":{"line":52,"column":5}},"15":{"start":{"line":56,"column":33},"end":{"line":66,"column":5}},"16":{"start":{"line":58,"column":22},"end":{"line":58,"column":34}},"17":{"start":{"line":59,"column":26},"end":{"line":59,"column":43}},"18":{"start":{"line":60,"column":8},"end":{"line":60,"column":24}},"19":{"start":{"line":68,"column":23},"end":{"line":76,"column":5}},"20":{"start":{"line":69,"column":8},"end":{"line":74,"column":9}},"21":{"start":{"line":70,"column":12},"end":{"line":73,"column":13}},"22":{"start":{"line":71,"column":16},"end":{"line":71,"column":44}},"23":{"start":{"line":72,"column":16},"end":{"line":72,"column":27}},"24":{"start":{"line":75,"column":8},"end":{"line":75,"column":20}},"25":{"start":{"line":79,"column":31},"end":{"line":85,"column":5}},"26":{"start":{"line":88,"column":25},"end":{"line":91,"column":5}},"27":{"start":{"line":93,"column":29},"end":{"line":97,"column":5}},"28":{"start":{"line":98,"column":4},"end":{"line":106,"column":5}}},"fnMap":{"0":{"name":"Gameboard","decl":{"start":{"line":3,"column":16},"end":{"line":3,"column":25}},"loc":{"start":{"line":3,"column":27},"end":{"line":108,"column":1}},"line":3},"1":{"name":"(anonymous_1)","decl":{"start":{"line":18,"column":25},"end":{"line":18,"column":26}},"loc":{"start":{"line":18,"column":30},"end":{"line":20,"column":5}},"line":18},"2":{"name":"(anonymous_2)","decl":{"start":{"line":23,"column":23},"end":{"line":23,"column":24}},"loc":{"start":{"line":23,"column":42},"end":{"line":28,"column":5}},"line":23},"3":{"name":"(anonymous_3)","decl":{"start":{"line":31,"column":33},"end":{"line":31,"column":34}},"loc":{"start":{"line":31,"column":38},"end":{"line":33,"column":5}},"line":31},"4":{"name":"(anonymous_4)","decl":{"start":{"line":36,"column":31},"end":{"line":36,"column":32}},"loc":{"start":{"line":36,"column":40},"end":{"line":46,"column":5}},"line":36},"5":{"name":"(anonymous_5)","decl":{"start":{"line":49,"column":26},"end":{"line":49,"column":27}},"loc":{"start":{"line":49,"column":31},"end":{"line":52,"column":5}},"line":49},"6":{"name":"(anonymous_6)","decl":{"start":{"line":56,"column":33},"end":{"line":56,"column":34}},"loc":{"start":{"line":56,"column":56},"end":{"line":66,"column":5}},"line":56},"7":{"name":"(anonymous_7)","decl":{"start":{"line":68,"column":23},"end":{"line":68,"column":24}},"loc":{"start":{"line":68,"column":33},"end":{"line":76,"column":5}},"line":68},"8":{"name":"(anonymous_8)","decl":{"start":{"line":79,"column":31},"end":{"line":79,"column":32}},"loc":{"start":{"line":79,"column":48},"end":{"line":85,"column":5}},"line":79},"9":{"name":"(anonymous_9)","decl":{"start":{"line":88,"column":25},"end":{"line":88,"column":26}},"loc":{"start":{"line":88,"column":30},"end":{"line":91,"column":5}},"line":88},"10":{"name":"(anonymous_10)","decl":{"start":{"line":93,"column":29},"end":{"line":93,"column":30}},"loc":{"start":{"line":93,"column":34},"end":{"line":97,"column":5}},"line":93}},"branchMap":{"0":{"loc":{"start":{"line":41,"column":16},"end":{"line":43,"column":17}},"type":"if","locations":[{"start":{"line":41,"column":16},"end":{"line":43,"column":17}},{"start":{},"end":{}}],"line":41},"1":{"loc":{"start":{"line":56,"column":34},"end":{"line":56,"column":53}},"type":"default-arg","locations":[{"start":{"line":56,"column":49},"end":{"line":56,"column":53}}],"line":56},"2":{"loc":{"start":{"line":70,"column":12},"end":{"line":73,"column":13}},"type":"if","locations":[{"start":{"line":70,"column":12},"end":{"line":73,"column":13}},{"start":{},"end":{}}],"line":70},"3":{"loc":{"start":{"line":79,"column":32},"end":{"line":79,"column":44}},"type":"default-arg","locations":[{"start":{"line":79,"column":40},"end":{"line":79,"column":44}}],"line":79}},"s":{"0":3,"1":3,"2":3,"3":0,"4":3,"5":3,"6":3,"7":3,"8":0,"9":0,"10":0,"11":0,"12":0,"13":0,"14":3,"15":3,"16":2,"17":2,"18":2,"19":3,"20":2,"21":2,"22":2,"23":2,"24":0,"25":3,"26":3,"27":3,"28":3},"f":{"0":3,"1":0,"2":3,"3":0,"4":0,"5":0,"6":2,"7":2,"8":0,"9":0,"10":0},"b":{"0":[0,0],"1":[0],"2":[2,0],"3":[0]},"_coverageSchema":"1a1c01bbd47fc00a2c39e90264f33305004495a9","hash":"350f749e67e091f8b3d7698291ae737fd104a1c1"}
}
