{"C:\\Users\\Usuario\\Downloads\\P\\Prog.Hos\\js-top-battleship\\src\\logic\\ship.js": {"path":"C:\\Users\\Usuario\\Downloads\\P\\Prog.Hos\\js-top-battleship\\src\\logic\\ship.js","statementMap":{"0":{"start":{"line":5,"column":25},"end":{"line":5,"column":39}},"1":{"start":{"line":7,"column":29},"end":{"line":9,"column":5}},"2":{"start":{"line":8,"column":8},"end":{"line":8,"column":29}},"3":{"start":{"line":14,"column":20},"end":{"line":16,"column":5}},"4":{"start":{"line":15,"column":8},"end":{"line":15,"column":47}},"5":{"start":{"line":20,"column":28},"end":{"line":22,"column":5}},"6":{"start":{"line":21,"column":8},"end":{"line":21,"column":38}},"7":{"start":{"line":27,"column":19},"end":{"line":29,"column":5}},"8":{"start":{"line":28,"column":8},"end":{"line":28,"column":57}},"9":{"start":{"line":31,"column":4},"end":{"line":36,"column":5}}},"fnMap":{"0":{"name":"Ship","decl":{"start":{"line":1,"column":16},"end":{"line":1,"column":20}},"loc":{"start":{"line":1,"column":34},"end":{"line":37,"column":1}},"line":1},"1":{"name":"(anonymous_1)","decl":{"start":{"line":7,"column":29},"end":{"line":7,"column":30}},"loc":{"start":{"line":7,"column":34},"end":{"line":9,"column":5}},"line":7},"2":{"name":"(anonymous_2)","decl":{"start":{"line":14,"column":20},"end":{"line":14,"column":21}},"loc":{"start":{"line":14,"column":33},"end":{"line":16,"column":5}},"line":14},"3":{"name":"(anonymous_3)","decl":{"start":{"line":20,"column":28},"end":{"line":20,"column":29}},"loc":{"start":{"line":20,"column":38},"end":{"line":22,"column":5}},"line":20},"4":{"name":"(anonymous_4)","decl":{"start":{"line":27,"column":19},"end":{"line":27,"column":20}},"loc":{"start":{"line":27,"column":24},"end":{"line":29,"column":5}},"line":27}},"branchMap":{"0":{"loc":{"start":{"line":28,"column":15},"end":{"line":28,"column":57}},"type":"cond-expr","locations":[{"start":{"line":28,"column":45},"end":{"line":28,"column":49}},{"start":{"line":28,"column":52},"end":{"line":28,"column":57}}],"line":28}},"s":{"0":3,"1":3,"2":1,"3":3,"4":1,"5":3,"6":3,"7":3,"8":1,"9":3},"f":{"0":3,"1":1,"2":1,"3":3,"4":1},"b":{"0":[1,0]},"_coverageSchema":"1a1c01bbd47fc00a2c39e90264f33305004495a9","hash":"2a29169f47a57f1d967ec397ca755404d36a4e4d"}
}
