TN:
SF:src\logic\gameboard.js
FN:3,Gameboard
FN:8,(anonymous_1)
FN:13,(anonymous_2)
FN:20,(anonymous_3)
FN:25,(anonymous_4)
FN:31,(anonymous_5)
FN:37,(anonymous_6)
FN:44,(anonymous_7)
FN:53,(anonymous_8)
FN:59,(anonymous_9)
FN:65,(anonymous_10)
FNF:11
FNH:2
FNDA:2,Gameboard
FNDA:0,(anonymous_1)
FNDA:2,(anonymous_2)
FNDA:0,(anonymous_3)
FNDA:0,(anonymous_4)
FNDA:0,(anonymous_5)
FNDA:0,(anonymous_6)
FNDA:0,(anonymous_7)
FNDA:0,(anonymous_8)
FNDA:0,(anonymous_9)
FNDA:0,(anonymous_10)
DA:5,2
DA:6,2
DA:8,2
DA:9,0
DA:13,2
DA:16,2
DA:17,2
DA:20,2
DA:25,2
DA:31,2
DA:37,2
DA:44,2
DA:53,2
DA:59,2
DA:65,2
DA:70,2
DA:79,1
DA:80,1
DA:81,1
LF:19
LH:18
BRDA:44,0,0,0
BRF:1
BRH:0
end_of_record
TN:
SF:src\logic\ship.js
FN:1,Ship
FN:8,(anonymous_1)
FN:15,(anonymous_2)
FN:21,(anonymous_3)
FN:28,(anonymous_4)
FNF:5
FNH:2
FNDA:4,Ship
FNDA:0,(anonymous_1)
FNDA:1,(anonymous_2)
FNDA:0,(anonymous_3)
FNDA:0,(anonymous_4)
DA:5,4
DA:8,4
DA:9,0
DA:15,4
DA:16,1
DA:21,4
DA:22,0
DA:28,4
DA:29,0
DA:32,4
LF:10
LH:7
BRDA:29,0,0,0
BRDA:29,0,1,0
BRF:2
BRH:0
end_of_record
