TN:
SF:src\logic\gameboard.js
FN:3,Gameboard
FN:20,(anonymous_1)
FN:25,(anonymous_2)
FN:31,(anonymous_3)
FN:36,(anonymous_4)
FN:48,(anonymous_5)
FN:61,(anonymous_6)
FN:70,(anonymous_7)
FN:74,(anonymous_8)
FN:82,(anonymous_9)
FN:88,(anonymous_10)
FN:93,(anonymous_11)
FNF:12
FNH:6
FNDA:5,Gameboard
FNDA:0,(anonymous_1)
FNDA:5,(anonymous_2)
FNDA:0,(anonymous_3)
FNDA:4,(anonymous_4)
FNDA:3,(anonymous_5)
FNDA:3,(anonymous_6)
FNDA:2,(anonymous_7)
FNDA:0,(anonymous_8)
FNDA:0,(anonymous_9)
FNDA:0,(anonymous_10)
FNDA:0,(anonymous_11)
DA:5,5
DA:7,5
DA:18,5
DA:20,5
DA:21,0
DA:25,5
DA:26,5
DA:31,5
DA:32,0
DA:36,5
DA:37,4
DA:38,8
DA:39,8
DA:40,512
DA:41,8
DA:48,5
DA:50,3
DA:51,3
DA:53,3
DA:54,2
DA:55,2
DA:57,1
DA:61,5
DA:62,3
DA:63,66
DA:64,2
DA:67,1
DA:70,5
DA:74,2
DA:75,0
DA:76,0
DA:82,5
DA:88,5
DA:93,5
DA:98,5
LF:35
LH:31
BRDA:40,0,0,8
BRDA:40,0,1,504
BRDA:48,1,0,0
BRDA:53,2,0,2
BRDA:53,2,1,1
BRDA:63,3,0,2
BRDA:63,3,1,64
BRDA:63,4,0,66
BRDA:63,4,1,3
BRDA:75,5,0,0
BRDA:75,5,1,0
BRF:11
BRH:8
end_of_record
TN:
SF:src\logic\ship.js
FN:1,Ship
FN:9,(anonymous_1)
FN:13,(anonymous_2)
FN:17,(anonymous_3)
FN:23,(anonymous_4)
FN:29,(anonymous_5)
FN:36,(anonymous_6)
FNF:7
FNH:4
FNDA:6,Ship
FNDA:22,(anonymous_1)
FNDA:0,(anonymous_2)
FNDA:0,(anonymous_3)
FNDA:2,(anonymous_4)
FNDA:1,(anonymous_5)
FNDA:0,(anonymous_6)
DA:5,6
DA:7,6
DA:9,6
DA:10,22
DA:13,6
DA:17,6
DA:23,6
DA:24,2
DA:29,6
DA:30,1
DA:36,6
DA:37,0
DA:40,6
LF:13
LH:12
BRDA:37,0,0,0
BRDA:37,0,1,0
BRF:2
BRH:0
end_of_record
